2019-03-19T11:34:16.061Z [right now!] info: Listening on port 3000... 
2019-03-19T11:34:16.121Z [right now!] info: connection to db: mongodb://localhost:27017/auto-ecole-dev succeeded 
2019-03-19T13:16:28.061Z [right now!] info: Listening on port 3000... 
2019-03-19T13:16:28.164Z [right now!] info: connection to db: mongodb://localhost:27017/auto-ecole-dev succeeded 
2019-03-19T13:23:38.283Z [right now!] info: Listening on port 3000... 
2019-03-19T13:23:38.350Z [right now!] info: connection to db: mongodb://localhost:27017/auto-ecole-dev succeeded 
2019-03-19T13:25:21.341Z [right now!] info: Listening on port 3000... 
2019-03-19T13:25:21.401Z [right now!] info: connection to db: mongodb://localhost:27017/auto-ecole-dev succeeded 
2019-03-19T13:37:13.730Z [right now!] info: Listening on port 3000... 
2019-03-19T13:37:13.805Z [right now!] info: connection to db: mongodb://localhost:27017/auto-ecole-dev succeeded 
2019-03-19T13:38:57.844Z [right now!] info: Listening on port 3000... 
2019-03-19T13:38:57.905Z [right now!] info: connection to db: mongodb://localhost:27017/auto-ecole-dev succeeded 
2019-03-19T13:45:07.723Z [right now!] info: Listening on port 3000... 
2019-03-19T13:45:07.789Z [right now!] info: connection to db: mongodb://localhost:27017/auto-ecole-dev succeeded 
2019-03-19T13:48:03.737Z [right now!] info: Listening on port 3000... 
2019-03-19T13:48:03.818Z [right now!] info: connection to db: mongodb://localhost:27017/auto-ecole-dev succeeded 
2019-03-19T13:48:52.388Z [right now!] error: Something failed:  Unexpected token } in JSON at position 20 SyntaxError: Unexpected token } in JSON at position 20
    at JSON.parse (<anonymous>)
    at parse (/home/pipo/Documents/autoecole/auto-ecole_backend/node_modules/body-parser/lib/types/json.js:89:19)
    at /home/pipo/Documents/autoecole/auto-ecole_backend/node_modules/body-parser/lib/read.js:121:18
    at invokeCallback (/home/pipo/Documents/autoecole/auto-ecole_backend/node_modules/raw-body/index.js:224:16)
    at done (/home/pipo/Documents/autoecole/auto-ecole_backend/node_modules/raw-body/index.js:213:7)
    at IncomingMessage.onEnd (/home/pipo/Documents/autoecole/auto-ecole_backend/node_modules/raw-body/index.js:273:7)
    at emitNone (events.js:106:13)
    at IncomingMessage.emit (events.js:208:7)
    at endReadableNT (_stream_readable.js:1064:12)
    at _combinedTickCallback (internal/process/next_tick.js:138:11)
    at process._tickCallback (internal/process/next_tick.js:180:9)
2019-03-19T13:49:03.692Z [right now!] error: Something failed:  Unexpected token } in JSON at position 37 SyntaxError: Unexpected token } in JSON at position 37
    at JSON.parse (<anonymous>)
    at parse (/home/pipo/Documents/autoecole/auto-ecole_backend/node_modules/body-parser/lib/types/json.js:89:19)
    at /home/pipo/Documents/autoecole/auto-ecole_backend/node_modules/body-parser/lib/read.js:121:18
    at invokeCallback (/home/pipo/Documents/autoecole/auto-ecole_backend/node_modules/raw-body/index.js:224:16)
    at done (/home/pipo/Documents/autoecole/auto-ecole_backend/node_modules/raw-body/index.js:213:7)
    at IncomingMessage.onEnd (/home/pipo/Documents/autoecole/auto-ecole_backend/node_modules/raw-body/index.js:273:7)
    at emitNone (events.js:106:13)
    at IncomingMessage.emit (events.js:208:7)
    at endReadableNT (_stream_readable.js:1064:12)
    at _combinedTickCallback (internal/process/next_tick.js:138:11)
    at process._tickCallback (internal/process/next_tick.js:180:9)
2019-03-19T13:53:23.928Z [right now!] error: Something failed:  Unexpected token } in JSON at position 66 SyntaxError: Unexpected token } in JSON at position 66
    at JSON.parse (<anonymous>)
    at parse (/home/pipo/Documents/autoecole/auto-ecole_backend/node_modules/body-parser/lib/types/json.js:89:19)
    at /home/pipo/Documents/autoecole/auto-ecole_backend/node_modules/body-parser/lib/read.js:121:18
    at invokeCallback (/home/pipo/Documents/autoecole/auto-ecole_backend/node_modules/raw-body/index.js:224:16)
    at done (/home/pipo/Documents/autoecole/auto-ecole_backend/node_modules/raw-body/index.js:213:7)
    at IncomingMessage.onEnd (/home/pipo/Documents/autoecole/auto-ecole_backend/node_modules/raw-body/index.js:273:7)
    at emitNone (events.js:106:13)
    at IncomingMessage.emit (events.js:208:7)
    at endReadableNT (_stream_readable.js:1064:12)
    at _combinedTickCallback (internal/process/next_tick.js:138:11)
    at process._tickCallback (internal/process/next_tick.js:180:9)
2019-03-19T14:00:38.486Z [right now!] error: Something failed:  Cannot read property 'cin' of undefined TypeError: Cannot read property 'cin' of undefined
    at /home/pipo/Documents/autoecole/auto-ecole_backend/routes/document.js:28:40
    at <anonymous>
    at process._tickCallback (internal/process/next_tick.js:188:7)
2019-03-19T14:02:25.322Z [right now!] error: Something failed:  Cannot read property 'cin' of undefined TypeError: Cannot read property 'cin' of undefined
    at /home/pipo/Documents/autoecole/auto-ecole_backend/routes/document.js:28:40
    at <anonymous>
    at process._tickCallback (internal/process/next_tick.js:188:7)
2019-03-19T14:03:00.592Z [right now!] error: Something failed:  Cannot read property 'cin' of undefined TypeError: Cannot read property 'cin' of undefined
    at /home/pipo/Documents/autoecole/auto-ecole_backend/routes/document.js:28:40
    at <anonymous>
    at process._tickCallback (internal/process/next_tick.js:188:7)
2019-03-19T14:03:47.129Z [right now!] info: Listening on port 3000... 
2019-03-19T14:03:47.188Z [right now!] info: connection to db: mongodb://localhost:27017/auto-ecole-dev succeeded 
2019-03-19T14:03:54.585Z [right now!] error: Something failed:  Cannot read property 'cin' of undefined TypeError: Cannot read property 'cin' of undefined
    at /home/pipo/Documents/autoecole/auto-ecole_backend/routes/document.js:28:40
    at <anonymous>
    at process._tickCallback (internal/process/next_tick.js:188:7)
2019-03-19T14:06:36.396Z [right now!] info: Listening on port 3000... 
2019-03-19T14:06:36.460Z [right now!] info: connection to db: mongodb://localhost:27017/auto-ecole-dev succeeded 
2019-03-19T14:08:18.693Z [right now!] error: Something failed:  Cannot read property 'cin' of undefined TypeError: Cannot read property 'cin' of undefined
    at /home/pipo/Documents/autoecole/auto-ecole_backend/routes/document.js:28:40
    at <anonymous>
    at process._tickCallback (internal/process/next_tick.js:188:7)
2019-03-19T14:09:46.951Z [right now!] info: connection to db: mongodb://localhost:27017/auto-ecole-dev succeeded 
2019-03-19T14:10:01.932Z [right now!] info: connection to db: mongodb://localhost:27017/auto-ecole-dev succeeded 
2019-03-19T14:11:12.852Z [right now!] info: connection to db: mongodb://localhost:27017/auto-ecole-dev succeeded 
2019-03-19T14:12:12.814Z [right now!] info: Listening on port 3000... 
2019-03-19T14:12:12.872Z [right now!] info: connection to db: mongodb://localhost:27017/auto-ecole-dev succeeded 
2019-03-19T14:12:18.392Z [right now!] error: Something failed:  Cannot read property 'cin' of null TypeError: Cannot read property 'cin' of null
    at /home/pipo/Documents/autoecole/auto-ecole_backend/routes/document.js:28:41
    at <anonymous>
    at process._tickCallback (internal/process/next_tick.js:188:7)
2019-03-19T14:15:36.123Z [right now!] info: Listening on port 3000... 
2019-03-19T14:15:36.194Z [right now!] info: connection to db: mongodb://localhost:27017/auto-ecole-dev succeeded 
2019-03-19T14:15:42.663Z [right now!] error: Something failed:  Cannot read property 'cin' of null TypeError: Cannot read property 'cin' of null
    at /home/pipo/Documents/autoecole/auto-ecole_backend/routes/document.js:28:41
    at <anonymous>
    at process._tickCallback (internal/process/next_tick.js:188:7)
2019-03-19T14:15:43.954Z [right now!] error: Something failed:  Cannot read property 'cin' of null TypeError: Cannot read property 'cin' of null
    at /home/pipo/Documents/autoecole/auto-ecole_backend/routes/document.js:28:41
    at <anonymous>
    at process._tickCallback (internal/process/next_tick.js:188:7)
2019-03-19T14:15:56.087Z [right now!] info: Listening on port 3000... 
2019-03-19T14:15:56.150Z [right now!] info: connection to db: mongodb://localhost:27017/auto-ecole-dev succeeded 
2019-03-19T14:18:54.760Z [right now!] error: Something failed:  Cannot read property 'cin' of null TypeError: Cannot read property 'cin' of null
    at /home/pipo/Documents/autoecole/auto-ecole_backend/routes/document.js:28:41
    at <anonymous>
    at process._tickCallback (internal/process/next_tick.js:188:7)
2019-03-19T14:19:03.468Z [right now!] info: Listening on port 3000... 
2019-03-19T14:19:03.557Z [right now!] info: connection to db: mongodb://localhost:27017/auto-ecole-dev succeeded 
2019-03-19T14:19:39.093Z [right now!] info: Listening on port 3000... 
2019-03-19T14:19:39.153Z [right now!] info: connection to db: mongodb://localhost:27017/auto-ecole-dev succeeded 
2019-03-19T14:20:15.454Z [right now!] info: Listening on port 3000... 
2019-03-19T14:20:15.515Z [right now!] info: connection to db: mongodb://localhost:27017/auto-ecole-dev succeeded 
2019-03-19T14:20:33.689Z [right now!] info: Listening on port 3000... 
2019-03-19T14:20:33.777Z [right now!] info: connection to db: mongodb://localhost:27017/auto-ecole-dev succeeded 
2019-03-19T16:30:52.453Z [right now!] info: Listening on port 3000... 
2019-03-19T16:30:52.524Z [right now!] info: connection to db: mongodb://localhost:27017/auto-ecole-dev succeeded 
2019-03-21T07:04:06.920Z [right now!] info: Listening on port 3000... 
2019-03-21T07:04:06.985Z [right now!] info: connection to db: mongodb://localhost:27017/auto-ecole-dev succeeded 
2019-03-21T07:05:59.018Z [right now!] info: Listening on port 3000... 
2019-03-21T07:05:59.098Z [right now!] info: connection to db: mongodb://localhost:27017/auto-ecole-dev succeeded 
2019-03-21T08:45:03.564Z [right now!] error: Something failed:  Unexpected token } in JSON at position 217 SyntaxError: Unexpected token } in JSON at position 217
    at JSON.parse (<anonymous>)
    at parse (/home/pipo/Documents/autoecole/auto-ecole_backend/node_modules/body-parser/lib/types/json.js:89:19)
    at /home/pipo/Documents/autoecole/auto-ecole_backend/node_modules/body-parser/lib/read.js:121:18
    at invokeCallback (/home/pipo/Documents/autoecole/auto-ecole_backend/node_modules/raw-body/index.js:224:16)
    at done (/home/pipo/Documents/autoecole/auto-ecole_backend/node_modules/raw-body/index.js:213:7)
    at IncomingMessage.onEnd (/home/pipo/Documents/autoecole/auto-ecole_backend/node_modules/raw-body/index.js:273:7)
    at emitNone (events.js:106:13)
    at IncomingMessage.emit (events.js:208:7)
    at endReadableNT (_stream_readable.js:1064:12)
    at _combinedTickCallback (internal/process/next_tick.js:138:11)
    at process._tickCallback (internal/process/next_tick.js:180:9)
2019-03-21T09:00:38.431Z [right now!] error: Something failed:  Unexpected token r in JSON at position 3 SyntaxError: Unexpected token r in JSON at position 3
    at JSON.parse (<anonymous>)
    at parse (/home/pipo/Documents/autoecole/auto-ecole_backend/node_modules/body-parser/lib/types/json.js:89:19)
    at /home/pipo/Documents/autoecole/auto-ecole_backend/node_modules/body-parser/lib/read.js:121:18
    at invokeCallback (/home/pipo/Documents/autoecole/auto-ecole_backend/node_modules/raw-body/index.js:224:16)
    at done (/home/pipo/Documents/autoecole/auto-ecole_backend/node_modules/raw-body/index.js:213:7)
    at IncomingMessage.onEnd (/home/pipo/Documents/autoecole/auto-ecole_backend/node_modules/raw-body/index.js:273:7)
    at emitNone (events.js:106:13)
    at IncomingMessage.emit (events.js:208:7)
    at endReadableNT (_stream_readable.js:1064:12)
    at _combinedTickCallback (internal/process/next_tick.js:138:11)
    at process._tickCallback (internal/process/next_tick.js:180:9)
2019-03-21T09:00:49.535Z [right now!] error: Something failed:  Unexpected token r in JSON at position 3 SyntaxError: Unexpected token r in JSON at position 3
    at JSON.parse (<anonymous>)
    at parse (/home/pipo/Documents/autoecole/auto-ecole_backend/node_modules/body-parser/lib/types/json.js:89:19)
    at /home/pipo/Documents/autoecole/auto-ecole_backend/node_modules/body-parser/lib/read.js:121:18
    at invokeCallback (/home/pipo/Documents/autoecole/auto-ecole_backend/node_modules/raw-body/index.js:224:16)
    at done (/home/pipo/Documents/autoecole/auto-ecole_backend/node_modules/raw-body/index.js:213:7)
    at IncomingMessage.onEnd (/home/pipo/Documents/autoecole/auto-ecole_backend/node_modules/raw-body/index.js:273:7)
    at emitNone (events.js:106:13)
    at IncomingMessage.emit (events.js:208:7)
    at endReadableNT (_stream_readable.js:1064:12)
    at _combinedTickCallback (internal/process/next_tick.js:138:11)
    at process._tickCallback (internal/process/next_tick.js:180:9)
2019-03-21T09:04:36.747Z [right now!] info: Listening on port 3000... 
2019-03-21T09:04:36.810Z [right now!] info: connection to db: mongodb://localhost:27017/auto-ecole-dev succeeded 
2019-03-21T09:08:22.100Z [right now!] info: Listening on port 3000... 
2019-03-21T09:08:22.170Z [right now!] info: connection to db: mongodb://localhost:27017/auto-ecole-dev succeeded 
2019-03-21T09:12:10.008Z [right now!] info: Listening on port 3000... 
2019-03-21T09:12:10.076Z [right now!] info: connection to db: mongodb://localhost:27017/auto-ecole-dev succeeded 
2019-03-21T09:33:09.860Z [right now!] info: Listening on port 3000... 
2019-03-21T09:33:09.927Z [right now!] info: connection to db: mongodb://localhost:27017/auto-ecole-dev succeeded 
2019-03-21T09:48:43.766Z [right now!] info: Listening on port 3000... 
2019-03-21T09:48:43.843Z [right now!] info: connection to db: mongodb://localhost:27017/auto-ecole-dev succeeded 
2019-03-21T09:49:29.002Z [right now!] info: Listening on port 3000... 
2019-03-21T09:49:29.094Z [right now!] info: connection to db: mongodb://localhost:27017/auto-ecole-dev succeeded 
2019-03-22T06:54:34.563Z [right now!] info: Listening on port 3000... 
2019-03-22T06:54:34.722Z [right now!] info: connection to db: mongodb://localhost:27017/auto-ecole-dev succeeded 
2019-03-22T07:16:34.874Z [right now!] info: Listening on port 3000... 
2019-03-22T07:16:34.942Z [right now!] info: connection to db: mongodb://localhost:27017/auto-ecole-dev succeeded 
2019-03-22T08:02:29.800Z [right now!] error: Something failed:  Unexpected token N in JSON at position 0 SyntaxError: Unexpected token N in JSON at position 0
    at JSON.parse (<anonymous>)
    at createStrictSyntaxError (/home/pipo/Documents/autoecole/auto-ecole_backend/node_modules/body-parser/lib/types/json.js:158:10)
    at parse (/home/pipo/Documents/autoecole/auto-ecole_backend/node_modules/body-parser/lib/types/json.js:83:15)
    at /home/pipo/Documents/autoecole/auto-ecole_backend/node_modules/body-parser/lib/read.js:121:18
    at invokeCallback (/home/pipo/Documents/autoecole/auto-ecole_backend/node_modules/raw-body/index.js:224:16)
    at done (/home/pipo/Documents/autoecole/auto-ecole_backend/node_modules/raw-body/index.js:213:7)
    at IncomingMessage.onEnd (/home/pipo/Documents/autoecole/auto-ecole_backend/node_modules/raw-body/index.js:273:7)
    at emitNone (events.js:106:13)
    at IncomingMessage.emit (events.js:208:7)
    at endReadableNT (_stream_readable.js:1064:12)
    at _combinedTickCallback (internal/process/next_tick.js:138:11)
    at process._tickCallback (internal/process/next_tick.js:180:9)
2019-03-22T08:30:13.773Z [right now!] info: Listening on port 3000... 
2019-03-22T08:30:13.839Z [right now!] info: connection to db: mongodb://localhost:27017/auto-ecole-dev succeeded 
2019-03-22T12:32:24.867Z [right now!] info: Listening on port 3000... 
2019-03-22T12:32:24.951Z [right now!] info: connection to db: mongodb://localhost:27017/auto-ecole-dev succeeded 
2019-03-25T07:20:15.975Z [right now!] info: Listening on port 3000... 
2019-03-25T07:20:16.056Z [right now!] info: connection to db: mongodb://localhost:27017/auto-ecole-dev succeeded 
2019-03-25T07:54:04.746Z [right now!] info: Listening on port 3000... 
2019-03-25T07:54:04.811Z [right now!] info: connection to db: mongodb://localhost:27017/auto-ecole-dev succeeded 
2019-03-25T08:26:19.997Z [right now!] info: connection to db: mongodb://localhost:27017/auto-ecole-dev succeeded 
2019-03-25T09:00:28.455Z [right now!] error: Something failed:  Unexpected string in JSON at position 23 SyntaxError: Unexpected string in JSON at position 23
    at JSON.parse (<anonymous>)
    at parse (/home/pipo/Documents/autoecole/auto-ecole_backend/node_modules/body-parser/lib/types/json.js:89:19)
    at /home/pipo/Documents/autoecole/auto-ecole_backend/node_modules/body-parser/lib/read.js:121:18
    at invokeCallback (/home/pipo/Documents/autoecole/auto-ecole_backend/node_modules/raw-body/index.js:224:16)
    at done (/home/pipo/Documents/autoecole/auto-ecole_backend/node_modules/raw-body/index.js:213:7)
    at IncomingMessage.onEnd (/home/pipo/Documents/autoecole/auto-ecole_backend/node_modules/raw-body/index.js:273:7)
    at emitNone (events.js:106:13)
    at IncomingMessage.emit (events.js:208:7)
    at endReadableNT (_stream_readable.js:1064:12)
    at _combinedTickCallback (internal/process/next_tick.js:138:11)
    at process._tickCallback (internal/process/next_tick.js:180:9)
2019-03-25T09:01:19.641Z [right now!] error: Something failed:  Unexpected string in JSON at position 101 SyntaxError: Unexpected string in JSON at position 101
    at JSON.parse (<anonymous>)
    at parse (/home/pipo/Documents/autoecole/auto-ecole_backend/node_modules/body-parser/lib/types/json.js:89:19)
    at /home/pipo/Documents/autoecole/auto-ecole_backend/node_modules/body-parser/lib/read.js:121:18
    at invokeCallback (/home/pipo/Documents/autoecole/auto-ecole_backend/node_modules/raw-body/index.js:224:16)
    at done (/home/pipo/Documents/autoecole/auto-ecole_backend/node_modules/raw-body/index.js:213:7)
    at IncomingMessage.onEnd (/home/pipo/Documents/autoecole/auto-ecole_backend/node_modules/raw-body/index.js:273:7)
    at emitNone (events.js:106:13)
    at IncomingMessage.emit (events.js:208:7)
    at endReadableNT (_stream_readable.js:1064:12)
    at _combinedTickCallback (internal/process/next_tick.js:138:11)
    at process._tickCallback (internal/process/next_tick.js:180:9)
2019-03-25T09:05:17.399Z [right now!] info: Listening on port 3000... 
2019-03-25T09:05:17.468Z [right now!] info: connection to db: mongodb://localhost:27017/auto-ecole-dev succeeded 
2019-03-25T09:25:14.236Z [right now!] error: Something failed:  Unexpected string in JSON at position 23 SyntaxError: Unexpected string in JSON at position 23
    at JSON.parse (<anonymous>)
    at parse (/home/pipo/Documents/autoecole/auto-ecole_backend/node_modules/body-parser/lib/types/json.js:89:19)
    at /home/pipo/Documents/autoecole/auto-ecole_backend/node_modules/body-parser/lib/read.js:121:18
    at invokeCallback (/home/pipo/Documents/autoecole/auto-ecole_backend/node_modules/raw-body/index.js:224:16)
    at done (/home/pipo/Documents/autoecole/auto-ecole_backend/node_modules/raw-body/index.js:213:7)
    at IncomingMessage.onEnd (/home/pipo/Documents/autoecole/auto-ecole_backend/node_modules/raw-body/index.js:273:7)
    at emitNone (events.js:106:13)
    at IncomingMessage.emit (events.js:208:7)
    at endReadableNT (_stream_readable.js:1064:12)
    at _combinedTickCallback (internal/process/next_tick.js:138:11)
    at process._tickCallback (internal/process/next_tick.js:180:9)
2019-03-25T10:04:53.178Z [right now!] error: Something failed:  Unexpected token } in JSON at position 364 SyntaxError: Unexpected token } in JSON at position 364
    at JSON.parse (<anonymous>)
    at parse (/home/pipo/Documents/autoecole/auto-ecole_backend/node_modules/body-parser/lib/types/json.js:89:19)
    at /home/pipo/Documents/autoecole/auto-ecole_backend/node_modules/body-parser/lib/read.js:121:18
    at invokeCallback (/home/pipo/Documents/autoecole/auto-ecole_backend/node_modules/raw-body/index.js:224:16)
    at done (/home/pipo/Documents/autoecole/auto-ecole_backend/node_modules/raw-body/index.js:213:7)
    at IncomingMessage.onEnd (/home/pipo/Documents/autoecole/auto-ecole_backend/node_modules/raw-body/index.js:273:7)
    at emitNone (events.js:106:13)
    at IncomingMessage.emit (events.js:208:7)
    at endReadableNT (_stream_readable.js:1064:12)
    at _combinedTickCallback (internal/process/next_tick.js:138:11)
    at process._tickCallback (internal/process/next_tick.js:180:9)
2019-03-25T10:16:24.978Z [right now!] error: Something failed:  E11000 duplicate key error collection: auto-ecole-dev.clients index: username_1 dup key: { : "clientNUmber" } MongoError: E11000 duplicate key error collection: auto-ecole-dev.clients index: username_1 dup key: { : "clientNUmber" }
    at Function.create (/home/pipo/Documents/autoecole/auto-ecole_backend/node_modules/mongodb-core/lib/error.js:43:12)
    at toError (/home/pipo/Documents/autoecole/auto-ecole_backend/node_modules/mongodb/lib/utils.js:149:22)
    at coll.s.topology.insert (/home/pipo/Documents/autoecole/auto-ecole_backend/node_modules/mongodb/lib/operations/collection_ops.js:859:39)
    at /home/pipo/Documents/autoecole/auto-ecole_backend/node_modules/mongodb-core/lib/connection/pool.js:532:18
    at _combinedTickCallback (internal/process/next_tick.js:131:7)
    at process._tickCallback (internal/process/next_tick.js:180:9)
2019-03-25T10:16:42.901Z [right now!] error: Something failed:  E11000 duplicate key error collection: auto-ecole-dev.clients index: username_1 dup key: { : "clientNUmber" } MongoError: E11000 duplicate key error collection: auto-ecole-dev.clients index: username_1 dup key: { : "clientNUmber" }
    at Function.create (/home/pipo/Documents/autoecole/auto-ecole_backend/node_modules/mongodb-core/lib/error.js:43:12)
    at toError (/home/pipo/Documents/autoecole/auto-ecole_backend/node_modules/mongodb/lib/utils.js:149:22)
    at coll.s.topology.insert (/home/pipo/Documents/autoecole/auto-ecole_backend/node_modules/mongodb/lib/operations/collection_ops.js:859:39)
    at /home/pipo/Documents/autoecole/auto-ecole_backend/node_modules/mongodb-core/lib/connection/pool.js:532:18
    at _combinedTickCallback (internal/process/next_tick.js:131:7)
    at process._tickCallback (internal/process/next_tick.js:180:9)
2019-03-25T10:18:02.826Z [right now!] error: Something failed:  E11000 duplicate key error collection: auto-ecole-dev.clients index: username_1 dup key: { : "clientNUmber2" } MongoError: E11000 duplicate key error collection: auto-ecole-dev.clients index: username_1 dup key: { : "clientNUmber2" }
    at Function.create (/home/pipo/Documents/autoecole/auto-ecole_backend/node_modules/mongodb-core/lib/error.js:43:12)
    at toError (/home/pipo/Documents/autoecole/auto-ecole_backend/node_modules/mongodb/lib/utils.js:149:22)
    at coll.s.topology.insert (/home/pipo/Documents/autoecole/auto-ecole_backend/node_modules/mongodb/lib/operations/collection_ops.js:859:39)
    at /home/pipo/Documents/autoecole/auto-ecole_backend/node_modules/mongodb-core/lib/connection/pool.js:532:18
    at _combinedTickCallback (internal/process/next_tick.js:131:7)
    at process._tickCallback (internal/process/next_tick.js:180:9)
2019-03-25T10:29:56.932Z [right now!] info: Listening on port 3000... 
2019-03-25T10:29:57.009Z [right now!] info: connection to db: mongodb://localhost:27017/auto-ecole-dev succeeded 
2019-03-25T11:06:52.674Z [right now!] info: Listening on port 3000... 
2019-03-25T11:06:52.748Z [right now!] info: connection to db: mongodb://localhost:27017/auto-ecole-dev succeeded 
2019-03-25T11:08:18.246Z [right now!] info: Listening on port 3000... 
2019-03-25T11:08:18.307Z [right now!] info: connection to db: mongodb://localhost:27017/auto-ecole-dev succeeded 
2019-03-25T11:43:04.030Z [right now!] info: Listening on port 3000... 
2019-03-25T11:43:04.092Z [right now!] info: connection to db: mongodb://localhost:27017/auto-ecole-dev succeeded 
2019-03-25T12:42:18.603Z [right now!] info: Listening on port 3000... 
2019-03-25T12:42:18.666Z [right now!] info: connection to db: mongodb://localhost:27017/auto-ecole-dev succeeded 
2019-03-25T15:50:47.697Z [right now!] info: Listening on port 3000... 
2019-03-25T15:50:47.871Z [right now!] info: connection to db: mongodb://localhost:27017/auto-ecole-dev succeeded 
2019-03-25T15:54:39.167Z [right now!] info: Listening on port 3000... 
2019-03-25T15:54:39.239Z [right now!] info: connection to db: mongodb://localhost:27017/auto-ecole-dev succeeded 
2019-03-25T15:54:44.662Z [right now!] info: Listening on port 3000... 
2019-03-25T15:54:44.731Z [right now!] info: connection to db: mongodb://localhost:27017/auto-ecole-dev succeeded 
2019-03-25T15:54:47.675Z [right now!] error: Something failed:  Clients validation failed: cinDate: Path `cinDate` is required., cin: Path `cin` is required., state: `Active` is not a valid enum value for path `state`. ValidationError: Clients validation failed: cinDate: Path `cinDate` is required., cin: Path `cin` is required., state: `Active` is not a valid enum value for path `state`.
    at new ValidationError (/home/pipo/Documents/autoecole/auto-ecole_backend/node_modules/mongoose/lib/error/validation.js:30:11)
    at model.Document.invalidate (/home/pipo/Documents/autoecole/auto-ecole_backend/node_modules/mongoose/lib/document.js:2080:32)
    at p.doValidate.skipSchemaValidators (/home/pipo/Documents/autoecole/auto-ecole_backend/node_modules/mongoose/lib/document.js:1943:17)
    at /home/pipo/Documents/autoecole/auto-ecole_backend/node_modules/mongoose/lib/schematype.js:933:9
    at _combinedTickCallback (internal/process/next_tick.js:131:7)
    at process._tickCallback (internal/process/next_tick.js:180:9)
2019-03-25T15:54:57.307Z [right now!] error: Something failed:  Clients validation failed: cinDate: Path `cinDate` is required., cin: Path `cin` is required., state: `Active` is not a valid enum value for path `state`. ValidationError: Clients validation failed: cinDate: Path `cinDate` is required., cin: Path `cin` is required., state: `Active` is not a valid enum value for path `state`.
    at new ValidationError (/home/pipo/Documents/autoecole/auto-ecole_backend/node_modules/mongoose/lib/error/validation.js:30:11)
    at model.Document.invalidate (/home/pipo/Documents/autoecole/auto-ecole_backend/node_modules/mongoose/lib/document.js:2080:32)
    at p.doValidate.skipSchemaValidators (/home/pipo/Documents/autoecole/auto-ecole_backend/node_modules/mongoose/lib/document.js:1943:17)
    at /home/pipo/Documents/autoecole/auto-ecole_backend/node_modules/mongoose/lib/schematype.js:933:9
    at _combinedTickCallback (internal/process/next_tick.js:131:7)
    at process._tickCallback (internal/process/next_tick.js:180:9)
2019-03-26T07:20:19.257Z [right now!] info: Listening on port 3000... 
2019-03-26T07:20:19.369Z [right now!] info: connection to db: mongodb://localhost:27017/auto-ecole-dev succeeded 
2019-03-26T09:21:35.774Z [right now!] info: Listening on port 3000... 
2019-03-26T09:21:35.836Z [right now!] info: connection to db: mongodb://localhost:27017/auto-ecole-dev succeeded 
2019-03-26T09:21:49.086Z [right now!] error: Something failed:  JoiExtended is not defined ReferenceError: JoiExtended is not defined
    at validatescheduleed (/home/pipo/Documents/autoecole/auto-ecole_backend/model/exame.js:123:19)
    at router.post (/home/pipo/Documents/autoecole/auto-ecole_backend/routes/exames.js:34:21)
    at newFn (/home/pipo/Documents/autoecole/auto-ecole_backend/node_modules/express-async-errors/index.js:16:20)
    at Layer.handle [as handle_request] (/home/pipo/Documents/autoecole/auto-ecole_backend/node_modules/express/lib/router/layer.js:95:5)
    at next (/home/pipo/Documents/autoecole/auto-ecole_backend/node_modules/express/lib/router/route.js:137:13)
    at Route.dispatch (/home/pipo/Documents/autoecole/auto-ecole_backend/node_modules/express/lib/router/route.js:112:3)
    at newFn (/home/pipo/Documents/autoecole/auto-ecole_backend/node_modules/express-async-errors/index.js:16:20)
    at Layer.handle [as handle_request] (/home/pipo/Documents/autoecole/auto-ecole_backend/node_modules/express/lib/router/layer.js:95:5)
    at /home/pipo/Documents/autoecole/auto-ecole_backend/node_modules/express/lib/router/index.js:281:22
    at Function.process_params (/home/pipo/Documents/autoecole/auto-ecole_backend/node_modules/express/lib/router/index.js:335:12)
    at next (/home/pipo/Documents/autoecole/auto-ecole_backend/node_modules/express/lib/router/index.js:275:10)
    at Function.handle (/home/pipo/Documents/autoecole/auto-ecole_backend/node_modules/express/lib/router/index.js:174:3)
    at router (/home/pipo/Documents/autoecole/auto-ecole_backend/node_modules/express/lib/router/index.js:47:12)
    at newFn (/home/pipo/Documents/autoecole/auto-ecole_backend/node_modules/express-async-errors/index.js:16:20)
    at Layer.handle [as handle_request] (/home/pipo/Documents/autoecole/auto-ecole_backend/node_modules/express/lib/router/layer.js:95:5)
    at trim_prefix (/home/pipo/Documents/autoecole/auto-ecole_backend/node_modules/express/lib/router/index.js:317:13)
2019-03-26T09:22:09.115Z [right now!] error: Something failed:  Unexpected token } in JSON at position 25 SyntaxError: Unexpected token } in JSON at position 25
    at JSON.parse (<anonymous>)
    at parse (/home/pipo/Documents/autoecole/auto-ecole_backend/node_modules/body-parser/lib/types/json.js:89:19)
    at /home/pipo/Documents/autoecole/auto-ecole_backend/node_modules/body-parser/lib/read.js:121:18
    at invokeCallback (/home/pipo/Documents/autoecole/auto-ecole_backend/node_modules/raw-body/index.js:224:16)
    at done (/home/pipo/Documents/autoecole/auto-ecole_backend/node_modules/raw-body/index.js:213:7)
    at IncomingMessage.onEnd (/home/pipo/Documents/autoecole/auto-ecole_backend/node_modules/raw-body/index.js:273:7)
    at emitNone (events.js:106:13)
    at IncomingMessage.emit (events.js:208:7)
    at endReadableNT (_stream_readable.js:1064:12)
    at _combinedTickCallback (internal/process/next_tick.js:138:11)
    at process._tickCallback (internal/process/next_tick.js:180:9)
2019-03-26T09:41:49.185Z [right now!] error: Something failed:  Unexpected string in JSON at position 67 SyntaxError: Unexpected string in JSON at position 67
    at JSON.parse (<anonymous>)
    at parse (/home/pipo/Documents/autoecole/auto-ecole_backend/node_modules/body-parser/lib/types/json.js:89:19)
    at /home/pipo/Documents/autoecole/auto-ecole_backend/node_modules/body-parser/lib/read.js:121:18
    at invokeCallback (/home/pipo/Documents/autoecole/auto-ecole_backend/node_modules/raw-body/index.js:224:16)
    at done (/home/pipo/Documents/autoecole/auto-ecole_backend/node_modules/raw-body/index.js:213:7)
    at IncomingMessage.onEnd (/home/pipo/Documents/autoecole/auto-ecole_backend/node_modules/raw-body/index.js:273:7)
    at emitNone (events.js:106:13)
    at IncomingMessage.emit (events.js:208:7)
    at endReadableNT (_stream_readable.js:1064:12)
    at _combinedTickCallback (internal/process/next_tick.js:138:11)
    at process._tickCallback (internal/process/next_tick.js:180:9)
2019-03-26T09:43:30.163Z [right now!] info: Listening on port 3000... 
2019-03-26T09:43:30.231Z [right now!] info: connection to db: mongodb://localhost:27017/auto-ecole-dev succeeded 
2019-03-26T09:43:49.098Z [right now!] error: Something failed:  Unexpected string in JSON at position 67 SyntaxError: Unexpected string in JSON at position 67
    at JSON.parse (<anonymous>)
    at parse (/home/pipo/Documents/autoecole/auto-ecole_backend/node_modules/body-parser/lib/types/json.js:89:19)
    at /home/pipo/Documents/autoecole/auto-ecole_backend/node_modules/body-parser/lib/read.js:121:18
    at invokeCallback (/home/pipo/Documents/autoecole/auto-ecole_backend/node_modules/raw-body/index.js:224:16)
    at done (/home/pipo/Documents/autoecole/auto-ecole_backend/node_modules/raw-body/index.js:213:7)
    at IncomingMessage.onEnd (/home/pipo/Documents/autoecole/auto-ecole_backend/node_modules/raw-body/index.js:273:7)
    at emitNone (events.js:106:13)
    at IncomingMessage.emit (events.js:208:7)
    at endReadableNT (_stream_readable.js:1064:12)
    at _combinedTickCallback (internal/process/next_tick.js:138:11)
    at process._tickCallback (internal/process/next_tick.js:180:9)
2019-03-26T09:45:54.501Z [right now!] error: Something failed:  Unexpected string in JSON at position 67 SyntaxError: Unexpected string in JSON at position 67
    at JSON.parse (<anonymous>)
    at parse (/home/pipo/Documents/autoecole/auto-ecole_backend/node_modules/body-parser/lib/types/json.js:89:19)
    at /home/pipo/Documents/autoecole/auto-ecole_backend/node_modules/body-parser/lib/read.js:121:18
    at invokeCallback (/home/pipo/Documents/autoecole/auto-ecole_backend/node_modules/raw-body/index.js:224:16)
    at done (/home/pipo/Documents/autoecole/auto-ecole_backend/node_modules/raw-body/index.js:213:7)
    at IncomingMessage.onEnd (/home/pipo/Documents/autoecole/auto-ecole_backend/node_modules/raw-body/index.js:273:7)
    at emitNone (events.js:106:13)
    at IncomingMessage.emit (events.js:208:7)
    at endReadableNT (_stream_readable.js:1064:12)
    at _combinedTickCallback (internal/process/next_tick.js:138:11)
    at process._tickCallback (internal/process/next_tick.js:180:9)
2019-03-26T09:46:43.151Z [right now!] error: Something failed:  JoiExtended is not defined ReferenceError: JoiExtended is not defined
    at validatescheduleed (/home/pipo/Documents/autoecole/auto-ecole_backend/model/exame.js:123:19)
    at router.post (/home/pipo/Documents/autoecole/auto-ecole_backend/routes/exames.js:34:21)
    at newFn (/home/pipo/Documents/autoecole/auto-ecole_backend/node_modules/express-async-errors/index.js:16:20)
    at Layer.handle [as handle_request] (/home/pipo/Documents/autoecole/auto-ecole_backend/node_modules/express/lib/router/layer.js:95:5)
    at next (/home/pipo/Documents/autoecole/auto-ecole_backend/node_modules/express/lib/router/route.js:137:13)
    at Route.dispatch (/home/pipo/Documents/autoecole/auto-ecole_backend/node_modules/express/lib/router/route.js:112:3)
    at newFn (/home/pipo/Documents/autoecole/auto-ecole_backend/node_modules/express-async-errors/index.js:16:20)
    at Layer.handle [as handle_request] (/home/pipo/Documents/autoecole/auto-ecole_backend/node_modules/express/lib/router/layer.js:95:5)
    at /home/pipo/Documents/autoecole/auto-ecole_backend/node_modules/express/lib/router/index.js:281:22
    at Function.process_params (/home/pipo/Documents/autoecole/auto-ecole_backend/node_modules/express/lib/router/index.js:335:12)
    at next (/home/pipo/Documents/autoecole/auto-ecole_backend/node_modules/express/lib/router/index.js:275:10)
    at Function.handle (/home/pipo/Documents/autoecole/auto-ecole_backend/node_modules/express/lib/router/index.js:174:3)
    at router (/home/pipo/Documents/autoecole/auto-ecole_backend/node_modules/express/lib/router/index.js:47:12)
    at newFn (/home/pipo/Documents/autoecole/auto-ecole_backend/node_modules/express-async-errors/index.js:16:20)
    at Layer.handle [as handle_request] (/home/pipo/Documents/autoecole/auto-ecole_backend/node_modules/express/lib/router/layer.js:95:5)
    at trim_prefix (/home/pipo/Documents/autoecole/auto-ecole_backend/node_modules/express/lib/router/index.js:317:13)
2019-03-26T09:47:09.371Z [right now!] info: Listening on port 3000... 
2019-03-26T09:47:09.437Z [right now!] info: connection to db: mongodb://localhost:27017/auto-ecole-dev succeeded 
2019-03-26T09:47:36.469Z [right now!] error: Something failed:  JoiExtended is not defined ReferenceError: JoiExtended is not defined
    at validatescheduleed (/home/pipo/Documents/autoecole/auto-ecole_backend/model/exame.js:123:19)
    at router.post (/home/pipo/Documents/autoecole/auto-ecole_backend/routes/exames.js:34:21)
    at newFn (/home/pipo/Documents/autoecole/auto-ecole_backend/node_modules/express-async-errors/index.js:16:20)
    at Layer.handle [as handle_request] (/home/pipo/Documents/autoecole/auto-ecole_backend/node_modules/express/lib/router/layer.js:95:5)
    at next (/home/pipo/Documents/autoecole/auto-ecole_backend/node_modules/express/lib/router/route.js:137:13)
    at Route.dispatch (/home/pipo/Documents/autoecole/auto-ecole_backend/node_modules/express/lib/router/route.js:112:3)
    at newFn (/home/pipo/Documents/autoecole/auto-ecole_backend/node_modules/express-async-errors/index.js:16:20)
    at Layer.handle [as handle_request] (/home/pipo/Documents/autoecole/auto-ecole_backend/node_modules/express/lib/router/layer.js:95:5)
    at /home/pipo/Documents/autoecole/auto-ecole_backend/node_modules/express/lib/router/index.js:281:22
    at Function.process_params (/home/pipo/Documents/autoecole/auto-ecole_backend/node_modules/express/lib/router/index.js:335:12)
    at next (/home/pipo/Documents/autoecole/auto-ecole_backend/node_modules/express/lib/router/index.js:275:10)
    at Function.handle (/home/pipo/Documents/autoecole/auto-ecole_backend/node_modules/express/lib/router/index.js:174:3)
    at router (/home/pipo/Documents/autoecole/auto-ecole_backend/node_modules/express/lib/router/index.js:47:12)
    at newFn (/home/pipo/Documents/autoecole/auto-ecole_backend/node_modules/express-async-errors/index.js:16:20)
    at Layer.handle [as handle_request] (/home/pipo/Documents/autoecole/auto-ecole_backend/node_modules/express/lib/router/layer.js:95:5)
    at trim_prefix (/home/pipo/Documents/autoecole/auto-ecole_backend/node_modules/express/lib/router/index.js:317:13)
2019-03-26T09:50:03.992Z [right now!] info: Listening on port 3000... 
2019-03-26T09:50:04.086Z [right now!] info: connection to db: mongodb://localhost:27017/auto-ecole-dev succeeded 
2019-03-26T09:50:11.137Z [right now!] error: Something failed:  monitor is not defined ReferenceError: monitor is not defined
    at router.post (/home/pipo/Documents/autoecole/auto-ecole_backend/routes/exames.js:49:24)
    at <anonymous>
    at process._tickCallback (internal/process/next_tick.js:188:7)
2019-03-26T09:50:18.600Z [right now!] error: Something failed:  monitor is not defined ReferenceError: monitor is not defined
    at router.post (/home/pipo/Documents/autoecole/auto-ecole_backend/routes/exames.js:49:24)
    at <anonymous>
    at process._tickCallback (internal/process/next_tick.js:188:7)
2019-03-26T09:54:48.652Z [right now!] info: Listening on port 3000... 
2019-03-26T09:54:48.717Z [right now!] info: connection to db: mongodb://localhost:27017/auto-ecole-dev succeeded 
2019-03-26T09:54:56.952Z [right now!] error: Something failed:  car is not defined ReferenceError: car is not defined
    at router.post (/home/pipo/Documents/autoecole/auto-ecole_backend/routes/exames.js:52:20)
    at <anonymous>
    at process._tickCallback (internal/process/next_tick.js:188:7)
2019-03-26T09:56:26.047Z [right now!] info: Listening on port 3000... 
2019-03-26T09:56:26.116Z [right now!] info: connection to db: mongodb://localhost:27017/auto-ecole-dev succeeded 
2019-03-26T11:06:41.819Z [right now!] info: Listening on port 3000... 
2019-03-26T11:06:41.909Z [right now!] info: connection to db: mongodb://localhost:27017/auto-ecole-dev succeeded 
2019-03-26T11:09:23.452Z [right now!] info: Listening on port 3000... 
2019-03-26T11:09:23.522Z [right now!] info: connection to db: mongodb://localhost:27017/auto-ecole-dev succeeded 
2019-03-26T11:15:28.622Z [right now!] info: Listening on port 3000... 
2019-03-26T11:15:28.709Z [right now!] info: connection to db: mongodb://localhost:27017/auto-ecole-dev succeeded 
2019-03-26T11:19:16.246Z [right now!] info: Listening on port 3000... 
2019-03-26T11:19:16.314Z [right now!] info: connection to db: mongodb://localhost:27017/auto-ecole-dev succeeded 
2019-03-26T11:19:42.226Z [right now!] error: Something failed:  sessionState is not defined ReferenceError: sessionState is not defined
    at router.patch (/home/pipo/Documents/autoecole/auto-ecole_backend/routes/exames.js:73:25)
    at <anonymous>
    at process._tickCallback (internal/process/next_tick.js:188:7)
2019-03-26T11:19:48.889Z [right now!] error: Something failed:  sessionState is not defined ReferenceError: sessionState is not defined
    at router.patch (/home/pipo/Documents/autoecole/auto-ecole_backend/routes/exames.js:73:25)
    at <anonymous>
    at process._tickCallback (internal/process/next_tick.js:188:7)
2019-03-26T11:19:52.184Z [right now!] error: Something failed:  Unexpected token } in JSON at position 30 SyntaxError: Unexpected token } in JSON at position 30
    at JSON.parse (<anonymous>)
    at parse (/home/pipo/Documents/autoecole/auto-ecole_backend/node_modules/body-parser/lib/types/json.js:89:19)
    at /home/pipo/Documents/autoecole/auto-ecole_backend/node_modules/body-parser/lib/read.js:121:18
    at invokeCallback (/home/pipo/Documents/autoecole/auto-ecole_backend/node_modules/raw-body/index.js:224:16)
    at done (/home/pipo/Documents/autoecole/auto-ecole_backend/node_modules/raw-body/index.js:213:7)
    at IncomingMessage.onEnd (/home/pipo/Documents/autoecole/auto-ecole_backend/node_modules/raw-body/index.js:273:7)
    at emitNone (events.js:106:13)
    at IncomingMessage.emit (events.js:208:7)
    at endReadableNT (_stream_readable.js:1064:12)
    at _combinedTickCallback (internal/process/next_tick.js:138:11)
    at process._tickCallback (internal/process/next_tick.js:180:9)
2019-03-26T11:20:04.086Z [right now!] error: Something failed:  sessionState is not defined ReferenceError: sessionState is not defined
    at router.patch (/home/pipo/Documents/autoecole/auto-ecole_backend/routes/exames.js:73:25)
    at <anonymous>
    at process._tickCallback (internal/process/next_tick.js:188:7)
2019-03-26T11:21:35.706Z [right now!] info: Listening on port 3000... 
2019-03-26T11:21:35.779Z [right now!] info: connection to db: mongodb://localhost:27017/auto-ecole-dev succeeded 
2019-03-26T12:41:43.261Z [right now!] info: Listening on port 3000... 
2019-03-26T12:41:43.348Z [right now!] info: connection to db: mongodb://localhost:27017/auto-ecole-dev succeeded 
2019-03-26T12:44:13.336Z [right now!] info: Listening on port 3000... 
2019-03-26T12:44:13.429Z [right now!] info: connection to db: mongodb://localhost:27017/auto-ecole-dev succeeded 
2019-03-26T12:47:25.291Z [right now!] info: Listening on port 3000... 
2019-03-26T12:47:25.371Z [right now!] info: connection to db: mongodb://localhost:27017/auto-ecole-dev succeeded 
2019-03-26T12:49:04.302Z [right now!] info: Listening on port 3000... 
2019-03-26T12:49:04.372Z [right now!] info: connection to db: mongodb://localhost:27017/auto-ecole-dev succeeded 
2019-03-26T14:23:11.585Z [right now!] info: Listening on port 3000... 
2019-03-26T14:23:11.669Z [right now!] info: connection to db: mongodb://localhost:27017/auto-ecole-dev succeeded 
2019-03-26T14:37:09.280Z [right now!] info: Listening on port 3000... 
2019-03-26T14:37:09.351Z [right now!] info: connection to db: mongodb://localhost:27017/auto-ecole-dev succeeded 
2019-03-26T15:19:50.398Z [right now!] info: Listening on port 3000... 
2019-03-26T15:19:50.494Z [right now!] info: connection to db: mongodb://localhost:27017/auto-ecole-dev succeeded 
2019-03-27T21:45:18.250Z [right now!] info: Listening on port 3000... 
2019-03-27T21:45:18.681Z [right now!] info: connection to db: mongodb://localhost:3200/auto-ecole-dev succeeded 
2019-03-28T07:54:44.023Z [right now!] info: Listening on port 3000... 
2019-03-28T07:54:44.068Z [right now!] info: connection to db: mongodb://localhost:3200/auto-ecole-dev succeeded 
2019-03-28T08:10:00.677Z [right now!] info: Listening on port 3000... 
2019-03-28T08:10:00.962Z [right now!] info: connection to db: mongodb://localhost:3200/auto-ecole-dev succeeded 
2019-03-28T08:27:58.805Z [right now!] info: Listening on port 3000... 
2019-03-28T08:27:58.893Z [right now!] info: connection to db: mongodb://localhost:3200/auto-ecole-dev succeeded 
2019-03-28T08:32:26.212Z [right now!] error: Something failed:  E11000 duplicate key error collection: auto-ecole-dev.clients index: username_1 dup key: { : "slayto1223" } MongoError: E11000 duplicate key error collection: auto-ecole-dev.clients index: username_1 dup key: { : "slayto1223" }
    at /home/sayto/Desktop/SFE/code/back/node_modules/mongodb-core/lib/connection/pool.js:581:63
    at authenticateStragglers (/home/sayto/Desktop/SFE/code/back/node_modules/mongodb-core/lib/connection/pool.js:504:16)
    at Connection.messageHandler (/home/sayto/Desktop/SFE/code/back/node_modules/mongodb-core/lib/connection/pool.js:540:5)
    at emitMessageHandler (/home/sayto/Desktop/SFE/code/back/node_modules/mongodb-core/lib/connection/connection.js:310:10)
    at Socket.<anonymous> (/home/sayto/Desktop/SFE/code/back/node_modules/mongodb-core/lib/connection/connection.js:453:17)
    at Socket.emit (events.js:197:13)
    at addChunk (_stream_readable.js:288:12)
    at readableAddChunk (_stream_readable.js:269:11)
    at Socket.Readable.push (_stream_readable.js:224:10)
    at TCP.onStreamRead [as onread] (internal/stream_base_commons.js:145:17)
2019-03-28T08:32:36.940Z [right now!] error: Something failed:  E11000 duplicate key error collection: auto-ecole-dev.clients index: username_1 dup key: { : "slayto1223" } MongoError: E11000 duplicate key error collection: auto-ecole-dev.clients index: username_1 dup key: { : "slayto1223" }
    at /home/sayto/Desktop/SFE/code/back/node_modules/mongodb-core/lib/connection/pool.js:581:63
    at authenticateStragglers (/home/sayto/Desktop/SFE/code/back/node_modules/mongodb-core/lib/connection/pool.js:504:16)
    at Connection.messageHandler (/home/sayto/Desktop/SFE/code/back/node_modules/mongodb-core/lib/connection/pool.js:540:5)
    at emitMessageHandler (/home/sayto/Desktop/SFE/code/back/node_modules/mongodb-core/lib/connection/connection.js:310:10)
    at Socket.<anonymous> (/home/sayto/Desktop/SFE/code/back/node_modules/mongodb-core/lib/connection/connection.js:453:17)
    at Socket.emit (events.js:197:13)
    at addChunk (_stream_readable.js:288:12)
    at readableAddChunk (_stream_readable.js:269:11)
    at Socket.Readable.push (_stream_readable.js:224:10)
    at TCP.onStreamRead [as onread] (internal/stream_base_commons.js:145:17)
2019-03-28T08:48:23.497Z [right now!] info: Listening on port 3000... 
2019-03-28T08:48:23.535Z [right now!] info: connection to db: mongodb://localhost:3200/auto-ecole-dev succeeded 
2019-03-28T08:54:09.600Z [right now!] error: Something failed:  Clients validation failed: state: `ACTIVE` is not a valid enum value for path `state`. ValidationError: Clients validation failed: state: `ACTIVE` is not a valid enum value for path `state`.
    at new ValidationError (/home/sayto/Desktop/SFE/code/back/node_modules/mongoose/lib/error/validation.js:30:11)
    at model.Document.invalidate (/home/sayto/Desktop/SFE/code/back/node_modules/mongoose/lib/document.js:2080:32)
    at p.doValidate.skipSchemaValidators (/home/sayto/Desktop/SFE/code/back/node_modules/mongoose/lib/document.js:1943:17)
    at /home/sayto/Desktop/SFE/code/back/node_modules/mongoose/lib/schematype.js:933:9
    at processTicksAndRejections (internal/process/next_tick.js:74:9)
2019-03-28T08:55:52.289Z [right now!] info: Listening on port 3000... 
2019-03-28T08:55:52.358Z [right now!] info: connection to db: mongodb://localhost:3200/auto-ecole-dev succeeded 
2019-03-28T08:57:43.951Z [right now!] info: Listening on port 3000... 
2019-03-28T08:57:43.990Z [right now!] info: connection to db: mongodb://localhost:3200/auto-ecole-dev succeeded 
2019-03-28T10:22:20.175Z [right now!] info: Listening on port 3000... 
2019-03-28T10:22:20.218Z [right now!] info: connection to db: mongodb://localhost:3200/auto-ecole-dev succeeded 
2019-03-28T10:34:24.246Z [right now!] info: Listening on port 3000... 
2019-03-28T10:34:24.307Z [right now!] info: connection to db: mongodb://localhost:3200/auto-ecole-dev succeeded 
2019-03-28T10:35:02.478Z [right now!] info: Listening on port 3000... 
2019-03-28T10:35:02.522Z [right now!] info: connection to db: mongodb://localhost:3200/auto-ecole-dev succeeded 
2019-03-28T10:36:50.371Z [right now!] info: Listening on port 3000... 
2019-03-28T10:36:50.428Z [right now!] info: connection to db: mongodb://localhost:3200/auto-ecole-dev succeeded 
2019-03-28T10:42:16.063Z [right now!] info: Listening on port 3000... 
2019-03-28T10:42:16.101Z [right now!] info: connection to db: mongodb://localhost:3200/auto-ecole-dev succeeded 
2019-03-28T10:44:35.493Z [right now!] info: Listening on port 3000... 
2019-03-28T10:44:35.535Z [right now!] info: connection to db: mongodb://localhost:3200/auto-ecole-dev succeeded 
2019-03-28T10:46:32.474Z [right now!] info: Listening on port 3000... 
2019-03-28T10:46:32.509Z [right now!] info: connection to db: mongodb://localhost:3200/auto-ecole-dev succeeded 
2019-03-28T10:48:22.870Z [right now!] info: Listening on port 3000... 
2019-03-28T10:48:22.909Z [right now!] info: connection to db: mongodb://localhost:3200/auto-ecole-dev succeeded 
2019-03-28T10:52:42.345Z [right now!] info: Listening on port 3000... 
2019-03-28T10:52:42.399Z [right now!] info: connection to db: mongodb://localhost:3200/auto-ecole-dev succeeded 
2019-03-28T10:55:34.003Z [right now!] info: Listening on port 3000... 
2019-03-28T10:55:34.067Z [right now!] info: connection to db: mongodb://localhost:3200/auto-ecole-dev succeeded 
2019-03-28T10:56:49.818Z [right now!] info: Listening on port 3000... 
2019-03-28T10:56:49.856Z [right now!] info: connection to db: mongodb://localhost:3200/auto-ecole-dev succeeded 
2019-03-28T10:57:07.323Z [right now!] info: Listening on port 3000... 
2019-03-28T10:57:07.369Z [right now!] info: connection to db: mongodb://localhost:3200/auto-ecole-dev succeeded 
2019-03-28T11:11:12.645Z [right now!] info: Listening on port 3000... 
2019-03-28T11:11:13.004Z [right now!] info: connection to db: mongodb://localhost:3200/auto-ecole-dev succeeded 
2019-03-28T11:11:18.037Z [right now!] info:  Invalid id monitor 
2019-03-28T11:12:05.240Z [right now!] info: Listening on port 3000... 
2019-03-28T11:12:05.271Z [right now!] info: connection to db: mongodb://localhost:3200/auto-ecole-dev succeeded 
2019-03-28T12:39:08.599Z [right now!] info: Listening on port 3000... 
2019-03-28T12:39:08.830Z [right now!] info: connection to db: mongodb://localhost:3200/auto-ecole-dev succeeded 
2019-03-28T14:47:14.591Z [right now!] info: Listening on port 3000... 
2019-03-28T14:47:14.878Z [right now!] info: connection to db: mongodb://localhost:3200/auto-ecole-dev succeeded 
2019-03-28T15:38:21.013Z [right now!] info: Listening on port 3000... 
2019-03-28T15:38:21.084Z [right now!] info: connection to db: mongodb://localhost:3200/auto-ecole-dev succeeded 
2019-03-28T15:40:10.079Z [right now!] info: Listening on port 3000... 
2019-03-28T15:40:10.126Z [right now!] info: connection to db: mongodb://localhost:3200/auto-ecole-dev succeeded 
2019-03-28T15:58:29.398Z [right now!] info: Listening on port 3000... 
2019-03-28T15:58:29.666Z [right now!] info: connection to db: mongodb://localhost:3200/auto-ecole-dev succeeded 
2019-03-28T16:02:01.019Z [right now!] info: Listening on port 3000... 
2019-03-28T16:02:01.113Z [right now!] info: connection to db: mongodb://localhost:3200/auto-ecole-dev succeeded 
2019-03-28T16:04:59.783Z [right now!] info: Listening on port 3000... 
2019-03-28T16:04:59.831Z [right now!] info: connection to db: mongodb://localhost:3200/auto-ecole-dev succeeded 
